<?xml version="1.0" encoding="UTF-8"?>
<testng-results ignored="0" total="7" passed="7" failed="0" skipped="0">
  <reporter-output>
  </reporter-output>
  <suite started-at="2021-10-13T09:42:09Z" name="Suite" finished-at="2021-10-13T09:42:09Z" duration-ms="83">
    <groups>
    </groups>
    <test started-at="2021-10-13T09:42:09Z" name="Test" finished-at="2021-10-13T09:42:09Z" duration-ms="51">
      <class name="appTests.AppTest">
        <test-method signature="invalidLoginTest()[pri:0, instance:appTests.AppTest@57c03d88]" started-at="2021-10-13T09:42:09Z" name="invalidLoginTest" description="Login with Invalid Details" finished-at="2021-10-13T09:42:09Z" duration-ms="16" status="PASS">
          <reporter-output>
          </reporter-output>
        </test-method> <!-- invalidLoginTest -->
        <test-method signature="validLoginTest()[pri:0, instance:appTests.AppTest@57c03d88]" started-at="2021-10-13T09:42:09Z" name="validLoginTest" description="Login with Valid Details" finished-at="2021-10-13T09:42:09Z" duration-ms="1" status="PASS">
          <reporter-output>
          </reporter-output>
        </test-method> <!-- validLoginTest -->
      </class> <!-- appTests.AppTest -->
    </test> <!-- Test -->
    <test started-at="2021-10-13T09:42:09Z" name="Test1" finished-at="2021-10-13T09:42:09Z" duration-ms="1">
      <class name="appTests.NumberComparision">
        <test-method signature="intComparision()[pri:0, instance:appTests.NumberComparision@3b74ac8]" started-at="2021-10-13T09:42:09Z" name="intComparision" finished-at="2021-10-13T09:42:09Z" duration-ms="0" status="PASS">
          <reporter-output>
          </reporter-output>
        </test-method> <!-- intComparision -->
      </class> <!-- appTests.NumberComparision -->
    </test> <!-- Test1 -->
  </suite> <!-- Suite -->
  <suite started-at="2021-10-13T09:42:09Z" name="Suite (0)" finished-at="2021-10-13T09:42:19Z" duration-ms="9527">
    <groups>
    </groups>
    <test started-at="2021-10-13T09:42:09Z" name="Test2" finished-at="2021-10-13T09:42:09Z" duration-ms="2">
      <class name="appTests.AppTest">
        <test-method signature="invalidLoginTest()[pri:0, instance:appTests.AppTest@4066c471]" started-at="2021-10-13T09:42:09Z" name="invalidLoginTest" description="Login with Invalid Details" finished-at="2021-10-13T09:42:09Z" duration-ms="1" status="PASS">
          <reporter-output>
          </reporter-output>
        </test-method> <!-- invalidLoginTest -->
        <test-method signature="validLoginTest()[pri:0, instance:appTests.AppTest@4066c471]" started-at="2021-10-13T09:42:09Z" name="validLoginTest" description="Login with Valid Details" finished-at="2021-10-13T09:42:09Z" duration-ms="0" status="PASS">
          <reporter-output>
          </reporter-output>
        </test-method> <!-- validLoginTest -->
      </class> <!-- appTests.AppTest -->
    </test> <!-- Test2 -->
    <test started-at="2021-10-13T09:42:09Z" name="Test3" finished-at="2021-10-13T09:42:09Z" duration-ms="1">
      <class name="appTests.NumberComparision">
        <test-method signature="intComparision()[pri:0, instance:appTests.NumberComparision@5cdec700]" started-at="2021-10-13T09:42:09Z" name="intComparision" finished-at="2021-10-13T09:42:09Z" duration-ms="1" status="PASS">
          <reporter-output>
          </reporter-output>
        </test-method> <!-- intComparision -->
      </class> <!-- appTests.NumberComparision -->
    </test> <!-- Test3 -->
    <test started-at="2021-10-13T09:42:09Z" name="Test4" finished-at="2021-10-13T09:42:19Z" duration-ms="9510">
      <class name="appTests.SeleniumDev">
        <test-method is-config="true" signature="beforeTest()[pri:0, instance:appTests.SeleniumDev@4816278d]" started-at="2021-10-13T09:42:09Z" name="beforeTest" finished-at="2021-10-13T09:42:12Z" duration-ms="2598" status="PASS">
          <reporter-output>
          </reporter-output>
        </test-method> <!-- beforeTest -->
        <test-method signature="titleTest()[pri:0, instance:appTests.SeleniumDev@4816278d]" started-at="2021-10-13T09:42:12Z" name="titleTest" finished-at="2021-10-13T09:42:15Z" duration-ms="2770" status="PASS">
          <reporter-output>
          </reporter-output>
        </test-method> <!-- titleTest -->
        <test-method is-config="true" signature="afterTest()[pri:0, instance:appTests.SeleniumDev@4816278d]" started-at="2021-10-13T09:42:15Z" name="afterTest" finished-at="2021-10-13T09:42:19Z" duration-ms="4141" status="PASS">
          <reporter-output>
          </reporter-output>
        </test-method> <!-- afterTest -->
      </class> <!-- appTests.SeleniumDev -->
    </test> <!-- Test4 -->
  </suite> <!-- Suite (0) -->
</testng-results>
